<?xml version="1.0" encoding="UTF-8"?>
<!-- Generated by org.testng.reporters.JUnitReportReporter -->
<testsuite hostname="DESKTOP-FCE3HBC" name="com.crm.qa.testcases.LandingPageTest" tests="3" failures="0" timestamp="11 Jul 2022 11:21:03 GMT" time="25.347" errors="0">
  <testcase name="landingPageTitleTest" time="6.076" classname="com.crm.qa.testcases.LandingPageTest"/>
  <testcase name="validateLoginLink" time="9.803" classname="com.crm.qa.testcases.LandingPageTest"/>
  <testcase name="validateLogo" time="9.468" classname="com.crm.qa.testcases.LandingPageTest"/>
</testsuite> <!-- com.crm.qa.testcases.LandingPageTest -->
