<?xml version="1.0" encoding="UTF-8"?>
<!-- Generated by org.testng.reporters.JUnitReportReporter -->
<testsuite hostname="DESKTOP-FCE3HBC" name="com.crm.qa.testcases.LoginPageTest" tests="1" failures="0" timestamp="11 Jul 2022 16:29:16 GMT" time="6.326" errors="0">
  <testcase name="loginPageTitleTest" time="6.326" classname="com.crm.qa.testcases.LoginPageTest"/>
</testsuite> <!-- com.crm.qa.testcases.LoginPageTest -->
