<?xml version="1.0" encoding="UTF-8"?>
<!-- Generated by org.testng.reporters.JUnitReportReporter -->
<testsuite hostname="DESKTOP-FCE3HBC" name="com.crm.qa.testcases.ContactsPageTest" tests="2" failures="0" timestamp="11 Jul 2022 17:56:18 GMT" time="47.410" errors="0">
  <testcase name="verifyToClickOnAddNewContacts" time="25.949" classname="com.crm.qa.testcases.ContactsPageTest"/>
  <testcase name="verifyToClickOnAddNewContacts" time="21.461" classname="com.crm.qa.testcases.ContactsPageTest"/>
</testsuite> <!-- com.crm.qa.testcases.ContactsPageTest -->
